** Message: 12:58:04.077: environement.vala:58: Exporting primary_variable
** Message: 12:58:04.077: environement.vala:59: desktop_environnement XDG_CURRENT_DESKTOP
** Message: 12:58:04.077: environement.vala:150: confir_dirs is null, export : /etc/xdg
** Message: 12:58:04.077: environement.vala:184: Exporting XDG_CONFIG_DIRS
** Message: 12:58:04.077: environement.vala:218: custom_data :
** Message: 12:58:04.078: environement.vala:219: data_dirs :/usr/local/share:/usr/share/raspi-ui-overrides:/usr/share:/usr/share/gdm:/var/lib/menu-xdg
** Message: 12:58:04.078: environement.vala:220: data_dirs not null, export : /usr/local/share:/usr/share/raspi-ui-overrides:/usr/share:/usr/share/gdm:/var/lib/menu-xdg
** Message: 12:58:04.078: environement.vala:225: Exporting XDG_DATA_DIRS
** Message: 12:58:04.079: utils.vala:138: Config system location : /etc/xdg/lxsession/LXDE-pi
** Message: 12:58:04.080: utils.vala:144: System system path location : /etc/xdg/lxsession/LXDE-pi/desktop.conf
** Message: 12:58:04.080: utils.vala:148: Final file used : /etc/xdg/lxsession/LXDE-pi/desktop.conf
** Message: 12:58:04.081: utils.vala:39: Config system location : /etc/xdg/lxsession/LXDE-pi
** Message: 12:58:04.081: utils.vala:45: System system path location : /etc/xdg/lxsession/LXDE-pi/desktop.conf

** (lxsession:596): WARNING **: 12:58:04.084: utils.vala:70: No such file or directory
** Message: 12:58:04.084: settings.vala:540: Key file does not have key ?iGtk/ColorScheme? in group ?GTK?
** Message: 12:58:04.085: settings.vala:540: Key file does not have key ?windows_manager/command? in group ?Session?
** Message: 12:58:04.085: settings.vala:540: Key file does not have key ?panel/command? in group ?Session?
** Message: 12:58:04.085: settings.vala:540: Key file does not have key ?dock/command? in group ?Session?
** Message: 12:58:04.085: settings.vala:540: Key file does not have key ?file_manager/command? in group ?Session?
** Message: 12:58:04.086: settings.vala:540: Key file does not have key ?desktop_manager/command? in group ?Session?
** Message: 12:58:04.086: settings.vala:540: Key file does not have key ?launcher_manager/autostart? in group ?Session?
** Message: 12:58:04.086: settings.vala:540: Key file does not have key ?composite_manager/command? in group ?Session?
** Message: 12:58:04.086: settings.vala:540: Key file does not have key ?im1/command? in group ?Session?
** Message: 12:58:04.086: settings.vala:540: Key file does not have key ?im2/command? in group ?Session?
** Message: 12:58:04.087: settings.vala:540: Key file does not have key ?widget1/command? in group ?Session?
** Message: 12:58:04.087: settings.vala:540: Key file does not have key ?notification/command? in group ?Session?
** Message: 12:58:04.087: settings.vala:540: Key file does not have key ?keybindings/command? in group ?Session?
** Message: 12:58:04.087: settings.vala:540: Key file does not have key ?im_manager/command? in group ?Session?
** Message: 12:58:04.088: settings.vala:540: Key file does not have key ?screensaver/command? in group ?Session?
** Message: 12:58:04.088: settings.vala:540: Key file does not have key ?power_manager/command? in group ?Session?
** Message: 12:58:04.088: settings.vala:540: Key file does not have key ?audio_manager/command? in group ?Session?
** Message: 12:58:04.088: settings.vala:540: Key file does not have key ?workspace_manager/command? in group ?Session?
** Message: 12:58:04.089: settings.vala:540: Key file does not have key ?screenshot_manager/command? in group ?Session?
** Message: 12:58:04.089: settings.vala:540: Key file does not have key ?message_manager/command? in group ?Session?
** Message: 12:58:04.089: settings.vala:540: Key file does not have key ?upgrade_manager/command? in group ?Session?
** Message: 12:58:04.089: settings.vala:540: Key file does not have key ?updates_manager/command? in group ?Session?
** Message: 12:58:04.090: settings.vala:540: Key file does not have key ?updates_manager/timeout? in group ?Session?
** Message: 12:58:04.090: settings.vala:540: Key file does not have key ?crash_manager/command? in group ?Session?
** Message: 12:58:04.090: settings.vala:540: Key file does not have key ?crash_manager/dev_mode? in group ?Session?
** Message: 12:58:04.090: settings.vala:540: Key file does not have key ?crash_manager/timeout? in group ?Session?
** Message: 12:58:04.091: settings.vala:540: Key file does not have key ?upstart_user_session? in group ?Session?
** Message: 12:58:04.091: settings.vala:540: Key file does not have key ?proxy_manager/http? in group ?Session?
** Message: 12:58:04.091: settings.vala:540: Key file does not have key ?a11y/command? in group ?Session?
** Message: 12:58:04.092: settings.vala:540: Key file does not have key ?xrandr/command? in group ?Session?
** Message: 12:58:04.092: settings.vala:540: Key file does not have key ?network_gui/command? in group ?Session?
** Message: 12:58:04.092: settings.vala:540: Key file does not have key ?webbrowser/command? in group ?Session?
** Message: 12:58:04.092: settings.vala:540: Key file does not have key ?email/command? in group ?Session?
** Message: 12:58:04.092: settings.vala:540: Key file does not have key ?pdf_reader/command? in group ?Session?
** Message: 12:58:04.093: settings.vala:540: Key file does not have key ?video_player/command? in group ?Session?
** Message: 12:58:04.093: settings.vala:540: Key file does not have key ?audio_player/command? in group ?Session?
** Message: 12:58:04.093: settings.vala:540: Key file does not have key ?images_display/command? in group ?Session?
** Message: 12:58:04.093: settings.vala:540: Key file does not have key ?text_editor/command? in group ?Session?
** Message: 12:58:04.094: settings.vala:540: Key file does not have key ?archive/command? in group ?Session?
** Message: 12:58:04.094: settings.vala:540: Key file does not have key ?charmap/command? in group ?Session?
** Message: 12:58:04.094: settings.vala:540: Key file does not have key ?calculator/command? in group ?Session?
** Message: 12:58:04.094: settings.vala:540: Key file does not have key ?spreadsheet/command? in group ?Session?
** Message: 12:58:04.094: settings.vala:540: Key file does not have key ?bittorent/command? in group ?Session?
** Message: 12:58:04.095: settings.vala:540: Key file does not have key ?document/command? in group ?Session?
** Message: 12:58:04.095: settings.vala:540: Key file does not have key ?webcam/command? in group ?Session?
** Message: 12:58:04.095: settings.vala:540: Key file does not have key ?burn/command? in group ?Session?
** Message: 12:58:04.095: settings.vala:540: Key file does not have key ?notes/command? in group ?Session?
** Message: 12:58:04.095: settings.vala:540: Key file does not have key ?disk_utility/command? in group ?Session?
** Message: 12:58:04.096: settings.vala:540: Key file does not have key ?tasks/command? in group ?Session?
** Message: 12:58:04.096: settings.vala:540: Key file does not have group ?Keymap?
** Message: 12:58:04.096: settings.vala:540: Key file does not have key ?laptop_mode? in group ?State?
** Message: 12:58:04.096: settings.vala:540: Key file does not have key ?gnome? in group ?Dbus?
** Message: 12:58:04.096: settings.vala:540: Key file does not have key ?type? in group ?Environment?
** Message: 12:58:04.097: settings.vala:540: Key file does not have key ?ubuntu_menuproxy? in group ?Environment?
** Message: 12:58:04.097: settings.vala:540: Key file does not have key ?toolkit_integration? in group ?Environment?
** Message: 12:58:04.097: settings.vala:540: Key file does not have key ?gtk/overlay_scrollbar_disable? in group ?Environment?
** Message: 12:58:04.097: settings.vala:540: Key file does not have key ?qt/force_theme? in group ?Environment?
** Message: 12:58:04.098: settings.vala:540: Key file does not have key ?qt/platform? in group ?Environment?
** Message: 12:58:04.099: settings.vala:462: Monitoring: /etc/xdg/lxsession/LXDE-pi/desktop.conf
** Message: 12:58:04.099: settings.vala:470: Desktop file is not in config home, monitoring creation of it
** Message: 12:58:04.100: settings.vala:485: Monitoring home path: /home/pi/.config/lxsession/LXDE-pi/desktop.conf
** Message: 12:58:04.100: environement.vala:79: Exporting variable
** Message: 12:58:04.101: environement.vala:80: desktop_environnement XDG_CURRENT_DESKTOP
** Message: 12:58:04.101: environement.vala:177: custom_config :
** Message: 12:58:04.109: environement.vala:178: config_dirs :/etc/xdg
** Message: 12:58:04.109: environement.vala:179: confir_dirs not null, export : /etc/xdg
** Message: 12:58:04.110: environement.vala:184: Exporting XDG_CONFIG_DIRS
** Message: 12:58:04.111: environement.vala:218: custom_data :
** Message: 12:58:04.111: environement.vala:219: data_dirs :/usr/local/share:/usr/share/raspi-ui-overrides:/usr/share:/usr/share/gdm:/var/lib/menu-xdg
** Message: 12:58:04.112: environement.vala:220: data_dirs not null, export : /usr/local/share:/usr/share/raspi-ui-overrides:/usr/share:/usr/share/gdm:/var/lib/menu-xdg
** Message: 12:58:04.112: environement.vala:225: Exporting XDG_DATA_DIRS
** Message: 12:58:04.113: utils.vala:39: Config system location : /etc/xdg/lxsession/LXDE-pi
** Message: 12:58:04.113: utils.vala:45: System system path location : /etc/xdg/lxsession/LXDE-pi/desktop.conf

** (lxsession:596): WARNING **: 12:58:04.116: utils.vala:70: No such file or directory
** Message: 12:58:04.116: environement.vala:254: No entry in [Environment_variable]. Key file does not have group ?Environment_variable?
** Message: 12:58:04.135: utils.vala:138: Config system location : /etc/xdg/lxsession/LXDE-pi
** Message: 12:58:04.135: utils.vala:144: System system path location : /etc/xdg/lxsession/LXDE-pi/conffiles.conf
** Message: 12:58:04.135: utils.vala:148: Final file used : /etc/xdg/lxsession/LXDE-pi/conffiles.conf
** Message: 12:58:04.135: options.vala:164: Activate xsettings_manager build-in
** Message: 12:58:04.135: utils.vala:39: Config system location : /etc/xdg/lxsession/LXDE-pi
** Message: 12:58:04.136: utils.vala:45: System system path location : /etc/xdg/lxsession/LXDE-pi/desktop.conf

** (lxsession:596): WARNING **: 12:58:04.136: utils.vala:70: No such file or directory
xprop:  no such property "_NET_NUMBER_OF_DESKTOPS"
xprop:  no such property "_NET_DESKTOP_NAMES"
** Message: 12:58:04.217: app.vala:721: polkit separate
** Message: 12:58:04.218: app.vala:721: polkit separate
** Message: 12:58:04.238: app.vala:76: Launching lxpolkit 
** Message: 12:58:04.239: utils.vala:138: Config system location : /etc/xdg/lxsession/LXDE-pi
** Message: 12:58:04.239: utils.vala:144: System system path location : /etc/xdg/lxsession/LXDE-pi/autostart
** Message: 12:58:04.239: utils.vala:148: Final file used : /etc/xdg/lxsession/LXDE-pi/autostart
** Message: 12:58:04.240: autostart.vala:42: Autostart path : /etc/xdg/lxsession/LXDE-pi/autostart
** Message: 12:58:04.268: app.vala:76: Launching lxpanel 
** Message: 12:58:04.319: app.vala:76: Launching pcmanfm 

** (lxsession:596): WARNING **: 12:58:04.348: app.vala:86: Failed to execute child process ?xscreensaver? (No such file or directory)

** (lxsession:596): WARNING **: 12:58:04.349: app.vala:87: Error when launching xscreensaver
** Message: 12:58:04.366: options.vala:107: Create build-in Clipboard
** Message: 12:58:04.375: main.vala:441: Check keymap_mode (null)
** Message: 12:58:04.416: app.vala:76: Launching /usr/bin/ssh-agent 

(process:730): Gtk-WARNING **: 12:58:04.533: Locale not supported by C library.
	Using the fallback 'C' locale.

(process:735): Gtk-WARNING **: 12:58:04.542: Locale not supported by C library.
	Using the fallback 'C' locale.
SSH_AUTH_SOCK=/tmp/ssh-dAJJ1KRqmeT0/agent.739; export SSH_AUTH_SOCK;
SSH_AGENT_PID=744; export SSH_AGENT_PID;
echo Agent pid 744;

(process:733): Gtk-WARNING **: 12:58:04.632: Locale not supported by C library.
	Using the fallback 'C' locale.
** Message: 12:58:04.685: app.vala:130: /usr/bin/ssh-agent exit with this type of exit: 0
** Message: 12:58:04.788: x-terminal-emulator has very limited support, consider choose another terminal
** Message: 12:58:04.862: x-terminal-emulator has very limited support, consider choose another terminal
Openbox-Message: Couldn't set messages locale category from environment.
Openbox-Message: Couldn't set locale from environment.
grep: /home/pi/.config/lxpanel/LXDE-pi/panels/*: No such file or directory
Openbox-Message: Unable to find a valid menu file "/usr/share/lxde/openbox/menu.xml"

(process:761): Gtk-WARNING **: 12:58:05.432: Locale not supported by C library.
	Using the fallback 'C' locale.
** Message: 12:58:08.487: Connecting ...
** Message: 12:58:08.488: Status changed to down
xrandr: Failed to get size of gamma for output default
Unit pt-device-manager.service could not be found.

** (lxpanel:733): WARNING **: 12:58:08.881: Battery 0 not found

(lxpanel:733): Gtk-CRITICAL **: 12:58:09.713: IA__gtk_image_set_from_pixbuf: assertion 'GTK_IS_IMAGE (image)' failed
** Message: 12:58:09.746: Status changed to opened
** Message: 12:58:09.747: Connected to dhcpcd-8.1.2
** Message: 12:58:09.750: Status changed to connected
** Message: 12:58:09.750: eth0: CARRIER
** Message: 12:58:09.750: eth0: Configured 192.168.78.51/24
** Message: 12:58:09.750: wlan0: Not associated
** Message: 12:58:09.755: wlan0: WPA status connected
** Message: 12:58:09.755: wlan0: Received scan results
OK
** Message: 13:00:39.589: Connecting ...
** Message: 13:00:39.590: Status changed to opened
** Message: 13:00:39.590: Connected to dhcpcd-8.1.2
** Message: 13:00:39.592: Status changed to connected
** Message: 13:00:39.592: eth0: CARRIER
** Message: 13:00:39.592: eth0: Configured 192.168.78.51/24
** Message: 13:00:39.592: eth0: ROUTERADVERT
** Message: 13:00:39.592: wlan0: Not associated
** Message: 13:00:39.596: wlan0: WPA status connected
** Message: 13:00:39.596: wlan0: Received scan results
** Message: 13:00:45.211: wlan0: Received scan results
** Message: 13:00:45.212: wlan0: Received scan results
** Message: 13:00:50.211: wlan0: Received scan results
** Message: 13:00:50.212: wlan0: Received scan results
** Message: 13:00:55.212: wlan0: Received scan results
** Message: 13:00:55.212: wlan0: Received scan results
** Message: 13:01:00.203: wlan0: Received scan results
** Message: 13:01:00.203: wlan0: Received scan results
** Message: 13:01:05.218: wlan0: Received scan results
** Message: 13:01:05.218: wlan0: Received scan results
** Message: 13:01:10.210: wlan0: Received scan results
** Message: 13:01:10.210: wlan0: Received scan results
** Message: 13:01:15.215: wlan0: Received scan results
** Message: 13:01:15.215: wlan0: Received scan results
** Message: 13:01:20.210: wlan0: Received scan results
** Message: 13:01:20.210: wlan0: Received scan results
** Message: 13:01:21.174: wlan0: Received scan results
** Message: 13:01:21.174: wlan0: Received scan results
** Message: 13:01:25.223: wlan0: Received scan results
** Message: 13:01:25.223: wlan0: Received scan results
** Message: 13:01:30.219: wlan0: Received scan results
** Message: 13:01:30.219: wlan0: Received scan results
** Message: 13:01:35.226: wlan0: Received scan results
** Message: 13:01:35.226: wlan0: Received scan results
** Message: 13:01:36.489: wlan0: Associated with BND_SpO_45-56-23
** Message: 13:01:36.489: wlan0: Associated with BND_SpO_45-56-23
** Message: 13:01:40.491: wlan0: Received scan results
** Message: 13:01:40.491: wlan0: Received scan results
** Message: 13:01:40.873: wlan0: Disassociated from BND_SpO_45-56-23
** Message: 13:01:40.873: wlan0: Disassociated from BND_SpO_45-56-23
** Message: 13:01:42.186: wlan0: Associated with BND_SpO_45-56-23
** Message: 13:01:42.186: wlan0: Associated with BND_SpO_45-56-23
** Message: 13:01:47.223: wlan0: Configured 192.168.78.52/24
** Message: 13:01:47.223: wlan0: Configured 192.168.78.52/24

(piwiz:761): GLib-CRITICAL **: 13:02:36.398: Source ID 994 was not found when attempting to remove it

(process:5471): Gtk-WARNING **: 13:11:50.905: Locale not supported by C library.
	Using the fallback 'C' locale.
perl: warning: Setting locale failed.
perl: warning: Please check that your locale settings:
	LANGUAGE = "de_DE.UTF-8",
	LC_ALL = "de_DE.UTF-8",
	LANG = "de_DE.UTF-8"
    are supported and installed on your system.
perl: warning: Falling back to the standard locale ("C").

(process:5697): Gtk-WARNING **: 13:12:12.209: Locale not supported by C library.
	Using the fallback 'C' locale.

(process:5872): Gtk-WARNING **: 13:14:00.051: Locale not supported by C library.
	Using the fallback 'C' locale.
Removed /etc/systemd/system/default.target.
Created symlink /etc/systemd/system/default.target → /lib/systemd/system/multi-user.target.

(process:6075): Gtk-WARNING **: 13:14:19.965: Locale not supported by C library.
	Using the fallback 'C' locale.
XIO:  fatal IO error 11 (Resource temporarily unavailable) on X server ":0"
      after 17607 requests (17607 known processed) with 1 events remaining.
